<?xml version="1.0" encoding="UTF-8"?>
<!-- Generated by org.testng.reporters.JUnitReportReporter -->
<testsuite hostname="LAPTOP-S39KFG9R" failures="0" tests="2" name="tests.LoginTest" time="14.054" errors="0" timestamp="2024-12-06T21:52:28 CST" skipped="0">
  <testcase classname="tests.LoginTest" name="verifyLogoImgTest" time="6.886"/>
  <testcase classname="tests.LoginTest" name="verifyLoginTest" time="7.168"/>
</testsuite> <!-- tests.LoginTest -->
