<?xml version="1.0" encoding="UTF-8"?>
<!-- Generated by org.testng.reporters.JUnitReportReporter -->
<testsuite hostname="LAPTOP-S39KFG9R" failures="0" tests="2" name="tests.LoginTest" time="13.305" errors="0" timestamp="2024-12-08T18:11:15 CST" skipped="0">
  <testcase classname="tests.LoginTest" name="verifyLogoImgTest" time="5.995"/>
  <testcase classname="tests.LoginTest" name="verifyLoginTest" time="7.310"/>
</testsuite> <!-- tests.LoginTest -->
